d:\documents\github\windows-tcp-udp\tcpudpclientsever\tcpudpclientsever\debug\vc140.pdb
d:\documents\github\windows-tcp-udp\tcpudpclientsever\tcpudpclientsever\debug\vc140.idb
d:\documents\github\windows-tcp-udp\tcpudpclientsever\tcpudpclientsever\debug\application.obj
d:\documents\github\windows-tcp-udp\tcpudpclientsever\tcpudpclientsever\debug\clientconnection.obj
d:\documents\github\windows-tcp-udp\tcpudpclientsever\tcpudpclientsever\debug\connection.obj
d:\documents\github\windows-tcp-udp\tcpudpclientsever\tcpudpclientsever\debug\serverconnection.obj
d:\documents\github\windows-tcp-udp\tcpudpclientsever\debug\tcpudpclientsever.ilk
d:\documents\github\windows-tcp-udp\tcpudpclientsever\debug\tcpudpclientsever.exe
d:\documents\github\windows-tcp-udp\tcpudpclientsever\debug\tcpudpclientsever.pdb
d:\documents\github\windows-tcp-udp\tcpudpclientsever\tcpudpclientsever\debug\mainwindow.res
d:\documents\github\windows-tcp-udp\tcpudpclientsever\tcpudpclientsever\debug\setupwindow.res
d:\documents\github\windows-tcp-udp\tcpudpclientsever\tcpudpclientsever\debug\tcpudpcl.8b93e3f6.tlog\cl.command.1.tlog
d:\documents\github\windows-tcp-udp\tcpudpclientsever\tcpudpclientsever\debug\tcpudpcl.8b93e3f6.tlog\cl.read.1.tlog
d:\documents\github\windows-tcp-udp\tcpudpclientsever\tcpudpclientsever\debug\tcpudpcl.8b93e3f6.tlog\cl.write.1.tlog
d:\documents\github\windows-tcp-udp\tcpudpclientsever\tcpudpclientsever\debug\tcpudpcl.8b93e3f6.tlog\link.command.1.tlog
d:\documents\github\windows-tcp-udp\tcpudpclientsever\tcpudpclientsever\debug\tcpudpcl.8b93e3f6.tlog\link.read.1.tlog
d:\documents\github\windows-tcp-udp\tcpudpclientsever\tcpudpclientsever\debug\tcpudpcl.8b93e3f6.tlog\link.write.1.tlog
d:\documents\github\windows-tcp-udp\tcpudpclientsever\tcpudpclientsever\debug\tcpudpcl.8b93e3f6.tlog\rc.command.1.tlog
d:\documents\github\windows-tcp-udp\tcpudpclientsever\tcpudpclientsever\debug\tcpudpcl.8b93e3f6.tlog\rc.read.1.tlog
d:\documents\github\windows-tcp-udp\tcpudpclientsever\tcpudpclientsever\debug\tcpudpcl.8b93e3f6.tlog\rc.write.1.tlog
