Build started 2/14/2016 4:00:14 AM.
     1>Project "C:\Users\Administrator\Documents\GitHub\Windows-TCP-UDP\TCPUDPClientSever\TCPUDPClientSever\TCPUDPClientSever.vcxproj" on node 2 (Build target(s)).
     1>ClCompile:
         C:\Program Files (x86)\Microsoft Visual Studio 14.0\VC\bin\CL.exe /c /ZI /nologo /W3 /WX- /sdl /Od /Oy- /D _MBCS /Gm /EHsc /RTC1 /MDd /GS /fp:precise /Zc:wchar_t /Zc:forScope /Zc:inline /Fo"Debug\\" /Fd"Debug\vc140.pdb" /Gd /TP /analyze- /errorReport:prompt Application.cpp
         Application.cpp
     1>c:\users\administrator\documents\github\windows-tcp-udp\tcpudpclientsever\tcpudpclientsever\application.cpp(48): error C2059: syntax error: ')'
     1>c:\users\administrator\documents\github\windows-tcp-udp\tcpudpclientsever\tcpudpclientsever\application.cpp(49): error C2440: '=': cannot convert from 'Statistics *' to 'Stats *'
         c:\users\administrator\documents\github\windows-tcp-udp\tcpudpclientsever\tcpudpclientsever\application.cpp(49): note: Types pointed to are unrelated; conversion requires reinterpret_cast, C-style cast or function-style cast
     1>c:\users\administrator\documents\github\windows-tcp-udp\tcpudpclientsever\tcpudpclientsever\application.cpp(50): error C2027: use of undefined type 'Stats'
         c:\users\administrator\documents\github\windows-tcp-udp\tcpudpclientsever\tcpudpclientsever\application.cpp(24): note: see declaration of 'Stats'
     1>c:\users\administrator\documents\github\windows-tcp-udp\tcpudpclientsever\tcpudpclientsever\application.cpp(50): error C2227: left of '->status' must point to class/struct/union/generic type
     1>c:\users\administrator\documents\github\windows-tcp-udp\tcpudpclientsever\tcpudpclientsever\application.cpp(52): error C2027: use of undefined type 'Stats'
         c:\users\administrator\documents\github\windows-tcp-udp\tcpudpclientsever\tcpudpclientsever\application.cpp(24): note: see declaration of 'Stats'
     1>c:\users\administrator\documents\github\windows-tcp-udp\tcpudpclientsever\tcpudpclientsever\application.cpp(52): error C2227: left of '->fileLoad' must point to class/struct/union/generic type
     1>c:\users\administrator\documents\github\windows-tcp-udp\tcpudpclientsever\tcpudpclientsever\application.cpp(53): error C2027: use of undefined type 'Stats'
         c:\users\administrator\documents\github\windows-tcp-udp\tcpudpclientsever\tcpudpclientsever\application.cpp(24): note: see declaration of 'Stats'
     1>c:\users\administrator\documents\github\windows-tcp-udp\tcpudpclientsever\tcpudpclientsever\application.cpp(53): error C2227: left of '->fileLoadTotal' must point to class/struct/union/generic type
     1>c:\users\administrator\documents\github\windows-tcp-udp\tcpudpclientsever\tcpudpclientsever\application.cpp(54): error C2027: use of undefined type 'Stats'
         c:\users\administrator\documents\github\windows-tcp-udp\tcpudpclientsever\tcpudpclientsever\application.cpp(24): note: see declaration of 'Stats'
     1>c:\users\administrator\documents\github\windows-tcp-udp\tcpudpclientsever\tcpudpclientsever\application.cpp(54): error C2227: left of '->packets' must point to class/struct/union/generic type
     1>c:\users\administrator\documents\github\windows-tcp-udp\tcpudpclientsever\tcpudpclientsever\application.cpp(55): error C2027: use of undefined type 'Stats'
         c:\users\administrator\documents\github\windows-tcp-udp\tcpudpclientsever\tcpudpclientsever\application.cpp(24): note: see declaration of 'Stats'
     1>c:\users\administrator\documents\github\windows-tcp-udp\tcpudpclientsever\tcpudpclientsever\application.cpp(55): error C2227: left of '->time' must point to class/struct/union/generic type
     1>c:\users\administrator\documents\github\windows-tcp-udp\tcpudpclientsever\tcpudpclientsever\application.cpp(109): error C2664: 'void updateStatsWindow(Statistics *)': cannot convert argument 1 from 'Stats *' to 'Statistics *'
         c:\users\administrator\documents\github\windows-tcp-udp\tcpudpclientsever\tcpudpclientsever\application.cpp(109): note: Types pointed to are unrelated; conversion requires reinterpret_cast, C-style cast or function-style cast
     1>c:\users\administrator\documents\github\windows-tcp-udp\tcpudpclientsever\tcpudpclientsever\application.cpp(165): error C2027: use of undefined type 'Stats'
         c:\users\administrator\documents\github\windows-tcp-udp\tcpudpclientsever\tcpudpclientsever\application.cpp(24): note: see declaration of 'Stats'
     1>c:\users\administrator\documents\github\windows-tcp-udp\tcpudpclientsever\tcpudpclientsever\application.cpp(165): error C2227: left of '->status' must point to class/struct/union/generic type
     1>c:\users\administrator\documents\github\windows-tcp-udp\tcpudpclientsever\tcpudpclientsever\application.cpp(367): warning C4800: 'LRESULT': forcing value to bool 'true' or 'false' (performance warning)
     1>Done Building Project "C:\Users\Administrator\Documents\GitHub\Windows-TCP-UDP\TCPUDPClientSever\TCPUDPClientSever\TCPUDPClientSever.vcxproj" (Build target(s)) -- FAILED.

Build FAILED.

Time Elapsed 00:00:00.67
